<?xml version="1.0" encoding="UTF-8"?>
<!DOCTYPE suite SYSTEM "http://testng.org/testng-1.0.dtd">

<suite name="test-single">
  <test verbose="1" name="test-single">
    <classes>
    
<!--
<class name="test.helper.Functions"></class>
-->

<class name="test.Cases.Java.cpadTestVideos"><methods>
<include name="testBornDateOrderIsAscending"/>
<include name="testBornDateOrderIsDescending"/>
<include name="testKillDateOrderIsAscending"/>
<include name="testKillDateOrderIsDescending"/>
<include name="testVideoAssetIdTagIsCorrect"/>
<include name="testRecordIdTagIsCorrect"/>
<include name="testIsCaptionedTagIsCorrect"/>
<include name="testBrightcoveRefIdTagIsCorrect"/>
</methods></class>

<!--
<include name=""/>
-->

    </classes>
  </test>
</suite>