<?xml version="1.0" encoding="UTF-8"?>
<!DOCTYPE suite SYSTEM "http://testng.org/testng-1.0.dtd">

<suite name="test-single">
  <test verbose="1" name="test-single">
    <classes>
    
<!--
<class name="test.helper.Functions"></class>
-->

<class name="test.Cases.Java.cpadTestVideos"><methods>
<include name="testCreateOnOrderIsAscending"/>
<include name="testCreateOnOrderIsDescending"/>
<include name="testUpdatedOnOrderIsAscending"/>
<include name="testUpdatedOnOrderIsDescending"/>
</methods></class>

<!--
<include name=""/>
-->

    </classes>
  </test>
</suite>