<?xml version="1.0" encoding="UTF-8"?>
<!DOCTYPE suite SYSTEM "http://testng.org/testng-1.0.dtd">

<suite name="test-single">
  <test verbose="1" name="test-single">
    <classes>

<!--  <class name="org.tvo.rebuild.test.helper.UtilitiesTestHelper"></class> -->
    
<class name="test.engine.cpadTestExtEvaluation"><methods><include name="testOrder"/></methods></class>
		
    </classes>
  </test>
</suite>