<?xml version="1.0" encoding="UTF-8"?>
<!DOCTYPE suite SYSTEM "http://testng.org/testng-1.0.dtd">

<suite name="test-single">
  <test verbose="1" name="test-single">
    <classes>
    
<!--
<class name="test.helper.Functions"></class>
-->
<!--
<class name="test.Cases.Xml.Parse.cpadTestVideos"><methods><include name="testCreateOnOrderIsDescending"/></methods></class>
-->

<class name="test.Cases.Xml.Parse.cpadTestPrograms"><methods>
<include name="testCreatedOnOrderIsAscending"/>
</methods></class>
		
    </classes>
  </test>
</suite>