<?xml version="1.0" encoding="UTF-8"?>
<!-- Generated by org.testng.reporters.JUnitReportReporter -->
<testsuite hostname="PHY-267E" name="cpad.output.test.XmlAnlyzer" tests="1" failures="0" timestamp="9 Dec 2015 18:57:01 GMT" time="44.682" errors="0">
  <testcase name="testCpadOutputIsCorrect" time="44.682" classname="cpad.output.test.XmlAnlyzer"/>
</testsuite> <!-- cpad.output.test.XmlAnlyzer -->
