<?xml version="1.0" encoding="UTF-8"?>
<!-- Generated by org.testng.reporters.JUnitReportReporter -->
<testsuite hostname="PHY-267E" name="cpad.output.test.Xml" tests="1" failures="0" timestamp="7 Dec 2015 15:48:58 GMT" time="36.327" errors="0">
  <testcase name="testCPADoutputIsCorrect" time="36.327" classname="cpad.output.test.Xml"/>
</testsuite> <!-- cpad.output.test.Xml -->
